
yyyy-08-02 03:25:47 [ info: Successfully started the server
yyyy-08-02 03:26:05  info: Successfully started the server
yyyy-08-02 03:26:06 : info: Successfully started the server
yyyy-08-02 03:26:42 : info: Successfully started the server
yyyy-08-02 03:26:53 : info: Successfully started the server
yyyy-08-02 03:26:55 : info: Successfully started the server
yyyy-08-02 03:27:21 : info: Successfully started the server
yyyy-08-02 03:27:23 : info: Successfully started the server
yyyy-08-02 03:29:46 : info: Successfully started the server $
yyyy-08-02 03:29:49 : info: Successfully started the server undefined
yyyy-08-02 03:30:38 : info: Successfully started the server undefined
yyyy-08-02 03:31:10 : info: Successfully started the server undefined
yyyy-08-02 03:31:32 : info: Successfully started the server undefined
yyyy-08-02 03:34:17 : info: Successfully started the server undefined
yyyy-08-02 03:37:13 : info: Successfully started the server undefined
yyyy-08-02 03:37:32 : info: Successfully started the server 
yyyy-08-02 03:43:14 : info: Successfully started the server 
yyyy-08-02 03:43:17 : info: Successfully started the server 
yyyy-08-02 03:43:26 : info: Successfully started the server 
yyyy-08-02 03:43:27 : info: Successfully started the server 
yyyy-08-02 03:43:29 : info: Successfully started the server 
yyyy-08-02 03:43:34 : info: Successfully started the server 
